
bin/BlueOS.elf:     file format elf32-littlearm


Disassembly of section .text:

08000000 <__config_start>:
 8000000:	200007ff 	.word	0x200007ff
 8000004:	08000689 	.word	0x08000689
 8000008:	080006c9 	.word	0x080006c9
 800000c:	080006c9 	.word	0x080006c9
 8000010:	080006c9 	.word	0x080006c9
 8000014:	080006c9 	.word	0x080006c9
 8000018:	080006c9 	.word	0x080006c9
	...
 800002c:	080006c9 	.word	0x080006c9
 8000030:	080006c9 	.word	0x080006c9
 8000034:	00000000 	.word	0x00000000
 8000038:	08000609 	.word	0x08000609
 800003c:	0800081d 	.word	0x0800081d

08000040 <__config_end>:
	...

08000400 <io_Startup>:
 8000400:	4b0a      	ldr	r3, [pc, #40]	; (800042c <__OS_F_Bottom+0x2c>)
 8000402:	681a      	ldr	r2, [r3, #0]
 8000404:	f022 02f0 	bic.w	r2, r2, #240	; 0xf0
 8000408:	601a      	str	r2, [r3, #0]
 800040a:	681a      	ldr	r2, [r3, #0]
 800040c:	f042 0290 	orr.w	r2, r2, #144	; 0x90
 8000410:	601a      	str	r2, [r3, #0]
 8000412:	f8d3 2800 	ldr.w	r2, [r3, #2048]	; 0x800
 8000416:	f422 0270 	bic.w	r2, r2, #15728640	; 0xf00000
 800041a:	f8c3 2800 	str.w	r2, [r3, #2048]	; 0x800
 800041e:	f8d3 2800 	ldr.w	r2, [r3, #2048]	; 0x800
 8000422:	f442 1200 	orr.w	r2, r2, #2097152	; 0x200000
 8000426:	f8c3 2800 	str.w	r2, [r3, #2048]	; 0x800
 800042a:	4770      	bx	lr
 800042c:	40010804 	.word	0x40010804

08000430 <send_Char>:
 8000430:	4b06      	ldr	r3, [pc, #24]	; (800044c <send_Char+0x1c>)
 8000432:	681a      	ldr	r2, [r3, #0]
 8000434:	2300      	movs	r3, #0
 8000436:	4906      	ldr	r1, [pc, #24]	; (8000450 <send_Char+0x20>)
 8000438:	6809      	ldr	r1, [r1, #0]
 800043a:	0609      	lsls	r1, r1, #24
 800043c:	d403      	bmi.n	8000446 <send_Char+0x16>
 800043e:	4293      	cmp	r3, r2
 8000440:	d001      	beq.n	8000446 <send_Char+0x16>
 8000442:	3301      	adds	r3, #1
 8000444:	e7f7      	b.n	8000436 <send_Char+0x6>
 8000446:	4b03      	ldr	r3, [pc, #12]	; (8000454 <send_Char+0x24>)
 8000448:	6018      	str	r0, [r3, #0]
 800044a:	4770      	bx	lr
 800044c:	20000000 	.word	0x20000000
 8000450:	40013800 	.word	0x40013800
 8000454:	40013804 	.word	0x40013804

08000458 <send_Str>:
 8000458:	b510      	push	{r4, lr}
 800045a:	1e44      	subs	r4, r0, #1
 800045c:	f814 0f01 	ldrb.w	r0, [r4, #1]!
 8000460:	b110      	cbz	r0, 8000468 <send_Str+0x10>
 8000462:	f7ff ffe5 	bl	8000430 <send_Char>
 8000466:	e7f9      	b.n	800045c <send_Str+0x4>
 8000468:	bd10      	pop	{r4, pc}
	...

0800046c <console_Startup_72Mhz>:
 800046c:	f240 2071 	movw	r0, #625	; 0x271
 8000470:	4a11      	ldr	r2, [pc, #68]	; (80004b8 <console_Startup_72Mhz+0x4c>)
 8000472:	4912      	ldr	r1, [pc, #72]	; (80004bc <console_Startup_72Mhz+0x50>)
 8000474:	2300      	movs	r3, #0
 8000476:	6013      	str	r3, [r2, #0]
 8000478:	600b      	str	r3, [r1, #0]
 800047a:	604b      	str	r3, [r1, #4]
 800047c:	608b      	str	r3, [r1, #8]
 800047e:	f841 0c08 	str.w	r0, [r1, #-8]
 8000482:	6811      	ldr	r1, [r2, #0]
 8000484:	f041 010c 	orr.w	r1, r1, #12
 8000488:	6011      	str	r1, [r2, #0]
 800048a:	6811      	ldr	r1, [r2, #0]
 800048c:	f441 5100 	orr.w	r1, r1, #8192	; 0x2000
 8000490:	6011      	str	r1, [r2, #0]
 8000492:	f64f 71ff 	movw	r1, #65535	; 0xffff
 8000496:	4a0a      	ldr	r2, [pc, #40]	; (80004c0 <console_Startup_72Mhz+0x54>)
 8000498:	6011      	str	r1, [r2, #0]
 800049a:	1c5a      	adds	r2, r3, #1
 800049c:	f012 02ff 	ands.w	r2, r2, #255	; 0xff
 80004a0:	d004      	beq.n	80004ac <console_Startup_72Mhz+0x40>
 80004a2:	4908      	ldr	r1, [pc, #32]	; (80004c4 <console_Startup_72Mhz+0x58>)
 80004a4:	2000      	movs	r0, #0
 80004a6:	54c8      	strb	r0, [r1, r3]
 80004a8:	4613      	mov	r3, r2
 80004aa:	e7f6      	b.n	800049a <console_Startup_72Mhz+0x2e>
 80004ac:	4b06      	ldr	r3, [pc, #24]	; (80004c8 <console_Startup_72Mhz+0x5c>)
 80004ae:	4807      	ldr	r0, [pc, #28]	; (80004cc <console_Startup_72Mhz+0x60>)
 80004b0:	701a      	strb	r2, [r3, #0]
 80004b2:	f7ff bfd1 	b.w	8000458 <send_Str>
 80004b6:	bf00      	nop
 80004b8:	4001380c 	.word	0x4001380c
 80004bc:	40013810 	.word	0x40013810
 80004c0:	20000000 	.word	0x20000000
 80004c4:	20000004 	.word	0x20000004
 80004c8:	20000103 	.word	0x20000103
 80004cc:	0800085c 	.word	0x0800085c

080004d0 <receive_CharN>:
 80004d0:	4b04      	ldr	r3, [pc, #16]	; (80004e4 <receive_CharN+0x14>)
 80004d2:	681b      	ldr	r3, [r3, #0]
 80004d4:	069b      	lsls	r3, r3, #26
 80004d6:	bf43      	ittte	mi
 80004d8:	4b03      	ldrmi	r3, [pc, #12]	; (80004e8 <receive_CharN+0x18>)
 80004da:	6818      	ldrmi	r0, [r3, #0]
 80004dc:	b2c0      	uxtbmi	r0, r0
 80004de:	20ff      	movpl	r0, #255	; 0xff
 80004e0:	4770      	bx	lr
 80004e2:	bf00      	nop
 80004e4:	40013800 	.word	0x40013800
 80004e8:	40013804 	.word	0x40013804

080004ec <console_Task>:
 80004ec:	b510      	push	{r4, lr}
 80004ee:	f7ff ffef 	bl	80004d0 <receive_CharN>
 80004f2:	28ff      	cmp	r0, #255	; 0xff
 80004f4:	d028      	beq.n	8000548 <console_Task+0x5c>
 80004f6:	280a      	cmp	r0, #10
 80004f8:	4c14      	ldr	r4, [pc, #80]	; (800054c <console_Task+0x60>)
 80004fa:	d10e      	bne.n	800051a <console_Task+0x2e>
 80004fc:	4b14      	ldr	r3, [pc, #80]	; (8000550 <console_Task+0x64>)
 80004fe:	781b      	ldrb	r3, [r3, #0]
 8000500:	2b4c      	cmp	r3, #76	; 0x4c
 8000502:	d101      	bne.n	8000508 <console_Task+0x1c>
 8000504:	4813      	ldr	r0, [pc, #76]	; (8000554 <console_Task+0x68>)
 8000506:	e002      	b.n	800050e <console_Task+0x22>
 8000508:	2b0a      	cmp	r3, #10
 800050a:	d102      	bne.n	8000512 <console_Task+0x26>
 800050c:	4812      	ldr	r0, [pc, #72]	; (8000558 <console_Task+0x6c>)
 800050e:	f7ff ffa3 	bl	8000458 <send_Str>
 8000512:	2300      	movs	r3, #0
 8000514:	7023      	strb	r3, [r4, #0]
 8000516:	4811      	ldr	r0, [pc, #68]	; (800055c <console_Task+0x70>)
 8000518:	e006      	b.n	8000528 <console_Task+0x3c>
 800051a:	2808      	cmp	r0, #8
 800051c:	d108      	bne.n	8000530 <console_Task+0x44>
 800051e:	7823      	ldrb	r3, [r4, #0]
 8000520:	b133      	cbz	r3, 8000530 <console_Task+0x44>
 8000522:	3b01      	subs	r3, #1
 8000524:	480e      	ldr	r0, [pc, #56]	; (8000560 <console_Task+0x74>)
 8000526:	7023      	strb	r3, [r4, #0]
 8000528:	e8bd 4010 	ldmia.w	sp!, {r4, lr}
 800052c:	f7ff bf94 	b.w	8000458 <send_Str>
 8000530:	7823      	ldrb	r3, [r4, #0]
 8000532:	2bff      	cmp	r3, #255	; 0xff
 8000534:	d0ed      	beq.n	8000512 <console_Task+0x26>
 8000536:	4a06      	ldr	r2, [pc, #24]	; (8000550 <console_Task+0x64>)
 8000538:	54d0      	strb	r0, [r2, r3]
 800053a:	4a04      	ldr	r2, [pc, #16]	; (800054c <console_Task+0x60>)
 800053c:	3301      	adds	r3, #1
 800053e:	7013      	strb	r3, [r2, #0]
 8000540:	e8bd 4010 	ldmia.w	sp!, {r4, lr}
 8000544:	f7ff bf74 	b.w	8000430 <send_Char>
 8000548:	bd10      	pop	{r4, pc}
 800054a:	bf00      	nop
 800054c:	20000103 	.word	0x20000103
 8000550:	20000004 	.word	0x20000004
 8000554:	08000867 	.word	0x08000867
 8000558:	0800086d 	.word	0x0800086d
 800055c:	0800085c 	.word	0x0800085c
 8000560:	08000878 	.word	0x08000878

08000564 <status_Startup>:
 8000564:	b508      	push	{r3, lr}
 8000566:	4a07      	ldr	r2, [pc, #28]	; (8000584 <status_Startup+0x20>)
 8000568:	4b07      	ldr	r3, [pc, #28]	; (8000588 <status_Startup+0x24>)
 800056a:	601a      	str	r2, [r3, #0]
 800056c:	4b07      	ldr	r3, [pc, #28]	; (800058c <status_Startup+0x28>)
 800056e:	2200      	movs	r2, #0
 8000570:	701a      	strb	r2, [r3, #0]
 8000572:	f000 f96d 	bl	8000850 <clocks_sysTime>
 8000576:	f242 7210 	movw	r2, #10000	; 0x2710
 800057a:	4b05      	ldr	r3, [pc, #20]	; (8000590 <status_Startup+0x2c>)
 800057c:	6018      	str	r0, [r3, #0]
 800057e:	4b05      	ldr	r3, [pc, #20]	; (8000594 <status_Startup+0x30>)
 8000580:	601a      	str	r2, [r3, #0]
 8000582:	bd08      	pop	{r3, pc}
 8000584:	0800087c 	.word	0x0800087c
 8000588:	2000010c 	.word	0x2000010c
 800058c:	20000108 	.word	0x20000108
 8000590:	20000110 	.word	0x20000110
 8000594:	20000104 	.word	0x20000104

08000598 <status_LED_Task>:
 8000598:	b510      	push	{r4, lr}
 800059a:	f000 f959 	bl	8000850 <clocks_sysTime>
 800059e:	4c0d      	ldr	r4, [pc, #52]	; (80005d4 <status_LED_Task+0x3c>)
 80005a0:	4b0d      	ldr	r3, [pc, #52]	; (80005d8 <status_LED_Task+0x40>)
 80005a2:	681a      	ldr	r2, [r3, #0]
 80005a4:	6823      	ldr	r3, [r4, #0]
 80005a6:	4413      	add	r3, r2
 80005a8:	4298      	cmp	r0, r3
 80005aa:	d312      	bcc.n	80005d2 <status_LED_Task+0x3a>
 80005ac:	f000 f950 	bl	8000850 <clocks_sysTime>
 80005b0:	4a0a      	ldr	r2, [pc, #40]	; (80005dc <status_LED_Task+0x44>)
 80005b2:	6020      	str	r0, [r4, #0]
 80005b4:	7811      	ldrb	r1, [r2, #0]
 80005b6:	4b0a      	ldr	r3, [pc, #40]	; (80005e0 <status_LED_Task+0x48>)
 80005b8:	b129      	cbz	r1, 80005c6 <status_LED_Task+0x2e>
 80005ba:	6819      	ldr	r1, [r3, #0]
 80005bc:	f041 5100 	orr.w	r1, r1, #536870912	; 0x20000000
 80005c0:	6019      	str	r1, [r3, #0]
 80005c2:	2300      	movs	r3, #0
 80005c4:	e004      	b.n	80005d0 <status_LED_Task+0x38>
 80005c6:	6819      	ldr	r1, [r3, #0]
 80005c8:	f441 5100 	orr.w	r1, r1, #8192	; 0x2000
 80005cc:	6019      	str	r1, [r3, #0]
 80005ce:	2301      	movs	r3, #1
 80005d0:	7013      	strb	r3, [r2, #0]
 80005d2:	bd10      	pop	{r4, pc}
 80005d4:	20000110 	.word	0x20000110
 80005d8:	20000104 	.word	0x20000104
 80005dc:	20000108 	.word	0x20000108
 80005e0:	40011010 	.word	0x40011010

080005e4 <status_Set_Error>:
 80005e4:	b510      	push	{r4, lr}
 80005e6:	4604      	mov	r4, r0
 80005e8:	4802      	ldr	r0, [pc, #8]	; (80005f4 <status_Set_Error+0x10>)
 80005ea:	f7ff ff35 	bl	8000458 <send_Str>
 80005ee:	4b02      	ldr	r3, [pc, #8]	; (80005f8 <status_Set_Error+0x14>)
 80005f0:	601c      	str	r4, [r3, #0]
 80005f2:	bd10      	pop	{r4, pc}
 80005f4:	08000886 	.word	0x08000886
 80005f8:	2000010c 	.word	0x2000010c

080005fc <status_Show_Error>:
 80005fc:	4b01      	ldr	r3, [pc, #4]	; (8000604 <status_Show_Error+0x8>)
 80005fe:	6818      	ldr	r0, [r3, #0]
 8000600:	f7ff bf2a 	b.w	8000458 <send_Str>
 8000604:	2000010c 	.word	0x2000010c

08000608 <switcher_Handler>:
 8000608:	b672      	cpsid	i
 800060a:	4a19      	ldr	r2, [pc, #100]	; (8000670 <switcher_Handler+0x68>)
 800060c:	6813      	ldr	r3, [r2, #0]
 800060e:	f043 6300 	orr.w	r3, r3, #134217728	; 0x8000000
 8000612:	6013      	str	r3, [r2, #0]
 8000614:	4a17      	ldr	r2, [pc, #92]	; (8000674 <switcher_Handler+0x6c>)
 8000616:	7813      	ldrb	r3, [r2, #0]
 8000618:	b133      	cbz	r3, 8000628 <switcher_Handler+0x20>
 800061a:	f3ef 8109 	mrs	r1, PSP
 800061e:	7813      	ldrb	r3, [r2, #0]
 8000620:	4815      	ldr	r0, [pc, #84]	; (8000678 <switcher_Handler+0x70>)
 8000622:	b2db      	uxtb	r3, r3
 8000624:	f840 1023 	str.w	r1, [r0, r3, lsl #2]
 8000628:	4b14      	ldr	r3, [pc, #80]	; (800067c <switcher_Handler+0x74>)
 800062a:	7819      	ldrb	r1, [r3, #0]
 800062c:	3101      	adds	r1, #1
 800062e:	b2c9      	uxtb	r1, r1
 8000630:	7019      	strb	r1, [r3, #0]
 8000632:	4913      	ldr	r1, [pc, #76]	; (8000680 <switcher_Handler+0x78>)
 8000634:	7818      	ldrb	r0, [r3, #0]
 8000636:	7809      	ldrb	r1, [r1, #0]
 8000638:	4288      	cmp	r0, r1
 800063a:	bf24      	itt	cs
 800063c:	2100      	movcs	r1, #0
 800063e:	7019      	strbcs	r1, [r3, #0]
 8000640:	781b      	ldrb	r3, [r3, #0]
 8000642:	4910      	ldr	r1, [pc, #64]	; (8000684 <switcher_Handler+0x7c>)
 8000644:	b2db      	uxtb	r3, r3
 8000646:	f811 3033 	ldrb.w	r3, [r1, r3, lsl #3]
 800064a:	b2db      	uxtb	r3, r3
 800064c:	7013      	strb	r3, [r2, #0]
 800064e:	7813      	ldrb	r3, [r2, #0]
 8000650:	b14b      	cbz	r3, 8000666 <switcher_Handler+0x5e>
 8000652:	4b08      	ldr	r3, [pc, #32]	; (8000674 <switcher_Handler+0x6c>)
 8000654:	4a08      	ldr	r2, [pc, #32]	; (8000678 <switcher_Handler+0x70>)
 8000656:	781b      	ldrb	r3, [r3, #0]
 8000658:	b2db      	uxtb	r3, r3
 800065a:	f852 3023 	ldr.w	r3, [r2, r3, lsl #2]
 800065e:	b662      	cpsie	i
 8000660:	f06f 0f02 	mvn.w	pc, #2
 8000664:	4770      	bx	lr
 8000666:	b662      	cpsie	i
 8000668:	f06f 0f06 	mvn.w	pc, #6
 800066c:	4770      	bx	lr
 800066e:	bf00      	nop
 8000670:	e000ed04 	.word	0xe000ed04
 8000674:	200002a4 	.word	0x200002a4
 8000678:	200002a8 	.word	0x200002a8
 800067c:	200002a5 	.word	0x200002a5
 8000680:	200002d0 	.word	0x200002d0
 8000684:	20000114 	.word	0x20000114

08000688 <os_entry>:
 8000688:	b508      	push	{r3, lr}
 800068a:	b672      	cpsid	i
 800068c:	f000 f846 	bl	800071c <clocks_Start_sysClock>
 8000690:	f000 f89e 	bl	80007d0 <clocks_Start_periphClocks>
 8000694:	f000 f8a6 	bl	80007e4 <clocks_Start_sysTick>
 8000698:	f7ff ff64 	bl	8000564 <status_Startup>
 800069c:	f7ff fee6 	bl	800046c <console_Startup_72Mhz>
 80006a0:	4807      	ldr	r0, [pc, #28]	; (80006c0 <os_entry+0x38>)
 80006a2:	f7ff fed9 	bl	8000458 <send_Str>
 80006a6:	f7ff ffa9 	bl	80005fc <status_Show_Error>
 80006aa:	4806      	ldr	r0, [pc, #24]	; (80006c4 <os_entry+0x3c>)
 80006ac:	f7ff fed4 	bl	8000458 <send_Str>
 80006b0:	b662      	cpsie	i
 80006b2:	f7ff fea5 	bl	8000400 <io_Startup>
 80006b6:	f7ff ff19 	bl	80004ec <console_Task>
 80006ba:	f7ff ff6d 	bl	8000598 <status_LED_Task>
 80006be:	e7fa      	b.n	80006b6 <os_entry+0x2e>
 80006c0:	08000891 	.word	0x08000891
 80006c4:	0800085c 	.word	0x0800085c

080006c8 <hold_hdlr>:
 80006c8:	e7fe      	b.n	80006c8 <hold_hdlr>
	...

080006cc <clocks_Safe_sysClock>:
 80006cc:	4b0f      	ldr	r3, [pc, #60]	; (800070c <clocks_Safe_sysClock+0x40>)
 80006ce:	4910      	ldr	r1, [pc, #64]	; (8000710 <clocks_Safe_sysClock+0x44>)
 80006d0:	681a      	ldr	r2, [r3, #0]
 80006d2:	f042 0201 	orr.w	r2, r2, #1
 80006d6:	601a      	str	r2, [r3, #0]
 80006d8:	6808      	ldr	r0, [r1, #0]
 80006da:	4a0e      	ldr	r2, [pc, #56]	; (8000714 <clocks_Safe_sysClock+0x48>)
 80006dc:	4002      	ands	r2, r0
 80006de:	600a      	str	r2, [r1, #0]
 80006e0:	681a      	ldr	r2, [r3, #0]
 80006e2:	f022 7284 	bic.w	r2, r2, #17301504	; 0x1080000
 80006e6:	f422 3280 	bic.w	r2, r2, #65536	; 0x10000
 80006ea:	601a      	str	r2, [r3, #0]
 80006ec:	681a      	ldr	r2, [r3, #0]
 80006ee:	f422 2280 	bic.w	r2, r2, #262144	; 0x40000
 80006f2:	601a      	str	r2, [r3, #0]
 80006f4:	680b      	ldr	r3, [r1, #0]
 80006f6:	f44f 021f 	mov.w	r2, #10420224	; 0x9f0000
 80006fa:	f423 03fe 	bic.w	r3, r3, #8323072	; 0x7f0000
 80006fe:	600b      	str	r3, [r1, #0]
 8000700:	4b05      	ldr	r3, [pc, #20]	; (8000718 <clocks_Safe_sysClock+0x4c>)
 8000702:	601a      	str	r2, [r3, #0]
 8000704:	2230      	movs	r2, #48	; 0x30
 8000706:	f8c3 2ff8 	str.w	r2, [r3, #4088]	; 0xff8
 800070a:	4770      	bx	lr
 800070c:	40021000 	.word	0x40021000
 8000710:	40021004 	.word	0x40021004
 8000714:	f0ff0000 	.word	0xf0ff0000
 8000718:	40021008 	.word	0x40021008

0800071c <clocks_Start_sysClock>:
 800071c:	4a26      	ldr	r2, [pc, #152]	; (80007b8 <clocks_Start_sysClock+0x9c>)
 800071e:	b510      	push	{r4, lr}
 8000720:	4611      	mov	r1, r2
 8000722:	6813      	ldr	r3, [r2, #0]
 8000724:	f443 3380 	orr.w	r3, r3, #65536	; 0x10000
 8000728:	6013      	str	r3, [r2, #0]
 800072a:	2300      	movs	r3, #0
 800072c:	680a      	ldr	r2, [r1, #0]
 800072e:	4822      	ldr	r0, [pc, #136]	; (80007b8 <clocks_Start_sysClock+0x9c>)
 8000730:	0394      	lsls	r4, r2, #14
 8000732:	d407      	bmi.n	8000744 <clocks_Start_sysClock+0x28>
 8000734:	3301      	adds	r3, #1
 8000736:	f5b3 3f80 	cmp.w	r3, #65536	; 0x10000
 800073a:	d1f7      	bne.n	800072c <clocks_Start_sysClock+0x10>
 800073c:	f7ff ffc6 	bl	80006cc <clocks_Safe_sysClock>
 8000740:	481e      	ldr	r0, [pc, #120]	; (80007bc <clocks_Start_sysClock+0xa0>)
 8000742:	e031      	b.n	80007a8 <clocks_Start_sysClock+0x8c>
 8000744:	4b1e      	ldr	r3, [pc, #120]	; (80007c0 <clocks_Start_sysClock+0xa4>)
 8000746:	2212      	movs	r2, #18
 8000748:	601a      	str	r2, [r3, #0]
 800074a:	f6a3 73fc 	subw	r3, r3, #4092	; 0xffc
 800074e:	681c      	ldr	r4, [r3, #0]
 8000750:	f1a2 62e8 	sub.w	r2, r2, #121634816	; 0x7400000
 8000754:	3a06      	subs	r2, #6
 8000756:	4022      	ands	r2, r4
 8000758:	601a      	str	r2, [r3, #0]
 800075a:	681a      	ldr	r2, [r3, #0]
 800075c:	f442 12e8 	orr.w	r2, r2, #1900544	; 0x1d0000
 8000760:	f442 6280 	orr.w	r2, r2, #1024	; 0x400
 8000764:	601a      	str	r2, [r3, #0]
 8000766:	6802      	ldr	r2, [r0, #0]
 8000768:	f042 7280 	orr.w	r2, r2, #16777216	; 0x1000000
 800076c:	6002      	str	r2, [r0, #0]
 800076e:	2200      	movs	r2, #0
 8000770:	6808      	ldr	r0, [r1, #0]
 8000772:	0180      	lsls	r0, r0, #6
 8000774:	d407      	bmi.n	8000786 <clocks_Start_sysClock+0x6a>
 8000776:	3201      	adds	r2, #1
 8000778:	f5b2 3f80 	cmp.w	r2, #65536	; 0x10000
 800077c:	d1f8      	bne.n	8000770 <clocks_Start_sysClock+0x54>
 800077e:	f7ff ffa5 	bl	80006cc <clocks_Safe_sysClock>
 8000782:	4810      	ldr	r0, [pc, #64]	; (80007c4 <clocks_Start_sysClock+0xa8>)
 8000784:	e010      	b.n	80007a8 <clocks_Start_sysClock+0x8c>
 8000786:	681a      	ldr	r2, [r3, #0]
 8000788:	2100      	movs	r1, #0
 800078a:	f042 0202 	orr.w	r2, r2, #2
 800078e:	601a      	str	r2, [r3, #0]
 8000790:	681a      	ldr	r2, [r3, #0]
 8000792:	f002 020c 	and.w	r2, r2, #12
 8000796:	2a08      	cmp	r2, #8
 8000798:	d00a      	beq.n	80007b0 <clocks_Start_sysClock+0x94>
 800079a:	3101      	adds	r1, #1
 800079c:	f5b1 3f80 	cmp.w	r1, #65536	; 0x10000
 80007a0:	d1f6      	bne.n	8000790 <clocks_Start_sysClock+0x74>
 80007a2:	f7ff ff93 	bl	80006cc <clocks_Safe_sysClock>
 80007a6:	4808      	ldr	r0, [pc, #32]	; (80007c8 <clocks_Start_sysClock+0xac>)
 80007a8:	e8bd 4010 	ldmia.w	sp!, {r4, lr}
 80007ac:	f7ff bf1a 	b.w	80005e4 <status_Set_Error>
 80007b0:	4b06      	ldr	r3, [pc, #24]	; (80007cc <clocks_Start_sysClock+0xb0>)
 80007b2:	229f      	movs	r2, #159	; 0x9f
 80007b4:	601a      	str	r2, [r3, #0]
 80007b6:	bd10      	pop	{r4, pc}
 80007b8:	40021000 	.word	0x40021000
 80007bc:	080008a1 	.word	0x080008a1
 80007c0:	40022000 	.word	0x40022000
 80007c4:	080008b2 	.word	0x080008b2
 80007c8:	080008c3 	.word	0x080008c3
 80007cc:	40021008 	.word	0x40021008

080007d0 <clocks_Start_periphClocks>:
 80007d0:	4a03      	ldr	r2, [pc, #12]	; (80007e0 <clocks_Start_periphClocks+0x10>)
 80007d2:	6813      	ldr	r3, [r2, #0]
 80007d4:	f443 4380 	orr.w	r3, r3, #16384	; 0x4000
 80007d8:	f043 031d 	orr.w	r3, r3, #29
 80007dc:	6013      	str	r3, [r2, #0]
 80007de:	4770      	bx	lr
 80007e0:	40021018 	.word	0x40021018

080007e4 <clocks_Start_sysTick>:
 80007e4:	f641 411f 	movw	r1, #7199	; 0x1c1f
 80007e8:	4b09      	ldr	r3, [pc, #36]	; (8000810 <clocks_Start_sysTick+0x2c>)
 80007ea:	681a      	ldr	r2, [r3, #0]
 80007ec:	f042 0204 	orr.w	r2, r2, #4
 80007f0:	601a      	str	r2, [r3, #0]
 80007f2:	4a08      	ldr	r2, [pc, #32]	; (8000814 <clocks_Start_sysTick+0x30>)
 80007f4:	6011      	str	r1, [r2, #0]
 80007f6:	2100      	movs	r1, #0
 80007f8:	6051      	str	r1, [r2, #4]
 80007fa:	4907      	ldr	r1, [pc, #28]	; (8000818 <clocks_Start_sysTick+0x34>)
 80007fc:	680a      	ldr	r2, [r1, #0]
 80007fe:	f042 4270 	orr.w	r2, r2, #4026531840	; 0xf0000000
 8000802:	600a      	str	r2, [r1, #0]
 8000804:	681a      	ldr	r2, [r3, #0]
 8000806:	f042 0203 	orr.w	r2, r2, #3
 800080a:	601a      	str	r2, [r3, #0]
 800080c:	4770      	bx	lr
 800080e:	bf00      	nop
 8000810:	e000e010 	.word	0xe000e010
 8000814:	e000e014 	.word	0xe000e014
 8000818:	e000ed20 	.word	0xe000ed20

0800081c <sysTick_Handler>:
 800081c:	4b08      	ldr	r3, [pc, #32]	; (8000840 <sysTick_Handler+0x24>)
 800081e:	681a      	ldr	r2, [r3, #0]
 8000820:	3201      	adds	r2, #1
 8000822:	601a      	str	r2, [r3, #0]
 8000824:	4a07      	ldr	r2, [pc, #28]	; (8000844 <sysTick_Handler+0x28>)
 8000826:	6812      	ldr	r2, [r2, #0]
 8000828:	681b      	ldr	r3, [r3, #0]
 800082a:	429a      	cmp	r2, r3
 800082c:	d107      	bne.n	800083e <sysTick_Handler+0x22>
 800082e:	4b06      	ldr	r3, [pc, #24]	; (8000848 <sysTick_Handler+0x2c>)
 8000830:	781b      	ldrb	r3, [r3, #0]
 8000832:	b123      	cbz	r3, 800083e <sysTick_Handler+0x22>
 8000834:	4a05      	ldr	r2, [pc, #20]	; (800084c <sysTick_Handler+0x30>)
 8000836:	6813      	ldr	r3, [r2, #0]
 8000838:	f043 5380 	orr.w	r3, r3, #268435456	; 0x10000000
 800083c:	6013      	str	r3, [r2, #0]
 800083e:	4770      	bx	lr
 8000840:	200002d4 	.word	0x200002d4
 8000844:	200002dc 	.word	0x200002dc
 8000848:	200002d8 	.word	0x200002d8
 800084c:	e000ed04 	.word	0xe000ed04

08000850 <clocks_sysTime>:
 8000850:	4b01      	ldr	r3, [pc, #4]	; (8000858 <clocks_sysTime+0x8>)
 8000852:	6818      	ldr	r0, [r3, #0]
 8000854:	4770      	bx	lr
 8000856:	bf00      	nop
 8000858:	200002d4 	.word	0x200002d4
 800085c:	756c420a 	.word	0x756c420a
 8000860:	534f5f65 	.word	0x534f5f65
 8000864:	0a003e5c 	.word	0x0a003e5c
 8000868:	64616f4c 	.word	0x64616f4c
 800086c:	694c0a00 	.word	0x694c0a00
 8000870:	4620656e 	.word	0x4620656e
 8000874:	00646565 	.word	0x00646565
 8000878:	00082008 	.word	0x00082008
 800087c:	206f4e0a 	.word	0x206f4e0a
 8000880:	6f727245 	.word	0x6f727245
 8000884:	450a0072 	.word	0x450a0072
 8000888:	726f7272 	.word	0x726f7272
 800088c:	74655320 	.word	0x74655320
 8000890:	00          	.byte	0x00
 8000891:	0a          	.byte	0x0a
 8000892:	6c43      	.short	0x6c43
 8000894:	736b636f 	.word	0x736b636f
 8000898:	61745320 	.word	0x61745320
 800089c:	64657472 	.word	0x64657472
 80008a0:	00          	.byte	0x00
 80008a1:	0a          	.byte	0x0a
 80008a2:	5348      	.short	0x5348
 80008a4:	74532045 	.word	0x74532045
 80008a8:	20747261 	.word	0x20747261
 80008ac:	6c696146 	.word	0x6c696146
 80008b0:	500a0021 	.word	0x500a0021
 80008b4:	53204c4c 	.word	0x53204c4c
 80008b8:	74726174 	.word	0x74726174
 80008bc:	69614620 	.word	0x69614620
 80008c0:	0a00216c 	.word	0x0a00216c
 80008c4:	74697753 	.word	0x74697753
 80008c8:	74206863 	.word	0x74206863
 80008cc:	4c50206f 	.word	0x4c50206f
 80008d0:	6146204c 	.word	0x6146204c
 80008d4:	00216c69 	.word	0x00216c69
