
bin/Task1.elf:     file format elf32-littlearm


Disassembly of section .text:

08001400 <main>:
 8001400:	b538      	push	{r3, r4, r5, lr}
 8001402:	4b09      	ldr	r3, [pc, #36]	; (8001428 <main+0x28>)
 8001404:	4c09      	ldr	r4, [pc, #36]	; (800142c <main+0x2c>)
 8001406:	681a      	ldr	r2, [r3, #0]
 8001408:	4d09      	ldr	r5, [pc, #36]	; (8001430 <main+0x30>)
 800140a:	f022 02f0 	bic.w	r2, r2, #240	; 0xf0
 800140e:	601a      	str	r2, [r3, #0]
 8001410:	681a      	ldr	r2, [r3, #0]
 8001412:	f042 0220 	orr.w	r2, r2, #32
 8001416:	601a      	str	r2, [r3, #0]
 8001418:	6823      	ldr	r3, [r4, #0]
 800141a:	4628      	mov	r0, r5
 800141c:	f443 7300 	orr.w	r3, r3, #512	; 0x200
 8001420:	6023      	str	r3, [r4, #0]
 8001422:	f000 f817 	bl	8001454 <send_Str>
 8001426:	e7f7      	b.n	8001418 <main+0x18>
 8001428:	40010c04 	.word	0x40010c04
 800142c:	40010c10 	.word	0x40010c10
 8001430:	08001466 	.word	0x08001466

08001434 <send_Char>:
 8001434:	f44f 3380 	mov.w	r3, #65536	; 0x10000
 8001438:	4a04      	ldr	r2, [pc, #16]	; (800144c <send_Char+0x18>)
 800143a:	6811      	ldr	r1, [r2, #0]
 800143c:	0609      	lsls	r1, r1, #24
 800143e:	d401      	bmi.n	8001444 <send_Char+0x10>
 8001440:	3b01      	subs	r3, #1
 8001442:	d1fa      	bne.n	800143a <send_Char+0x6>
 8001444:	4b02      	ldr	r3, [pc, #8]	; (8001450 <send_Char+0x1c>)
 8001446:	6018      	str	r0, [r3, #0]
 8001448:	4770      	bx	lr
 800144a:	bf00      	nop
 800144c:	40013800 	.word	0x40013800
 8001450:	40013804 	.word	0x40013804

08001454 <send_Str>:
 8001454:	b510      	push	{r4, lr}
 8001456:	1e44      	subs	r4, r0, #1
 8001458:	f814 0f01 	ldrb.w	r0, [r4, #1]!
 800145c:	b900      	cbnz	r0, 8001460 <send_Str+0xc>
 800145e:	bd10      	pop	{r4, pc}
 8001460:	f7ff ffe8 	bl	8001434 <send_Char>
 8001464:	e7f8      	b.n	8001458 <send_Str+0x4>
 8001466:	540a      	.short	0x540a
 8001468:	206b7361 	.word	0x206b7361
 800146c:	00000031 	.word	0x00000031
