
bin/Task2.elf:     file format elf32-littlearm


Disassembly of section .text:

08004000 <main>:
 8004000:	b508      	push	{r3, lr}
 8004002:	4802      	ldr	r0, [pc, #8]	; (800400c <__Flash_Bottom+0xc>)
 8004004:	f000 f814 	bl	8004030 <send_Str>
 8004008:	2000      	movs	r0, #0
 800400a:	bd08      	pop	{r3, pc}
 800400c:	08004042 	.word	0x08004042

08004010 <send_Char>:
 8004010:	f44f 3380 	mov.w	r3, #65536	; 0x10000
 8004014:	4a04      	ldr	r2, [pc, #16]	; (8004028 <send_Char+0x18>)
 8004016:	6812      	ldr	r2, [r2, #0]
 8004018:	0612      	lsls	r2, r2, #24
 800401a:	d401      	bmi.n	8004020 <send_Char+0x10>
 800401c:	3b01      	subs	r3, #1
 800401e:	d1f9      	bne.n	8004014 <send_Char+0x4>
 8004020:	4b02      	ldr	r3, [pc, #8]	; (800402c <send_Char+0x1c>)
 8004022:	6018      	str	r0, [r3, #0]
 8004024:	4770      	bx	lr
 8004026:	bf00      	nop
 8004028:	40013800 	.word	0x40013800
 800402c:	40013804 	.word	0x40013804

08004030 <send_Str>:
 8004030:	b510      	push	{r4, lr}
 8004032:	1e44      	subs	r4, r0, #1
 8004034:	f814 0f01 	ldrb.w	r0, [r4, #1]!
 8004038:	b110      	cbz	r0, 8004040 <send_Str+0x10>
 800403a:	f7ff ffe9 	bl	8004010 <send_Char>
 800403e:	e7f9      	b.n	8004034 <send_Str+0x4>
 8004040:	bd10      	pop	{r4, pc}
 8004042:	540a      	.short	0x540a
 8004044:	206b7361 	.word	0x206b7361
 8004048:	00000032 	.word	0x00000032
